<?xml version="1.0" encoding="UTF-8"?>
<!-- Generated by org.testng.reporters.JUnitReportReporter -->
<testsuite skipped="0" hostname="LAPTOP-E5RP2P6C" name="com.tests.OperatorsTest" tests="1" failures="0" timestamp="30 Jul 2021 17:33:07 GMT" time="9.339" errors="0">
  <testcase name="verifyOpratorList" time="9.339" classname="com.tests.OperatorsTest"/>
</testsuite> <!-- com.tests.OperatorsTest -->
