<?xml version="1.0" encoding="UTF-8"?>
<!-- Generated by org.testng.reporters.JUnitReportReporter -->
<testsuite skipped="0" hostname="LAPTOP-E5RP2P6C" name="com.tests.Useful_LinksPageTest" tests="1" failures="0" timestamp="31 Jul 2021 04:17:28 GMT" time="9.294" errors="0">
  <testcase name="verifyusefulLinks" time="9.294" classname="com.tests.Useful_LinksPageTest"/>
</testsuite> <!-- com.tests.Useful_LinksPageTest -->
